2025-10-06-16:18:41 BackupService.py 71 DEBUG HTTP request received: GET /api/users
2025-10-06-16:22:40 MetricsCollector.py 347 INFO configuration loaded from file
2025-10-06-16:23:43 BackupService.py 80 INFO health check passed
2025-10-06-16:28:55 PaymentProcessor.java 287 INFO backup completed successfully
2025-10-06-16:31:07 NotificationService.java 413 INFO cache refreshed successfully
2025-10-06-16:34:35 DataValidator.java 304 INFO service started on port 8080
2025-10-06-16:36:59 AuthController.py 80 DEBUG thread pool size: 10 active, 5 idle
2025-10-06-16:40:44 AuthController.py 430 INFO backup completed successfully
2025-10-06-16:42:56 EmailService.py 177 INFO user logout successful
2025-10-06-16:46:38 UserService.java 9 INFO service started on port 8080
2025-10-06-16:47:29 ConfigLoader.py 291 DEBUG cache lookup for key user_12345
2025-10-06-16:49:50 MetricsCollector.py 248 DEBUG validation rules applied to input data
2025-10-06-16:54:14 EmailService.py 250 ERROR file not found exception
2025-10-06-16:56:15 ApiGateway.py 94 DEBUG database query execution time: 45ms
2025-10-06-17:01:04 SecurityFilter.py 478 WARN SSL certificate expires in 30 days
2025-10-06-17:03:18 CacheManager.java 444 WARN deprecated API method used
2025-10-06-17:06:49 CacheManager.java 85 DEBUG external API call initiated
2025-10-06-17:09:24 BackupService.py 177 WARN cache hit ratio below optimal level
2025-10-06-17:13:25 HealthChecker.java 31 INFO backup completed successfully
2025-10-06-17:15:23 PaymentProcessor.java 208 INFO metrics collected and stored
2025-10-06-17:18:51 UserService.java 220 ERROR memory allocation failed
2025-10-06-17:22:55 BackupService.py 165 INFO configuration loaded from file
2025-10-06-17:25:03 PUSHDATA.java 335 WARN slow query performance detected
2025-10-06-17:27:22 LoggingService.java 230 DEBUG variable userId set to 12345
2025-10-06-17:29:22 DataValidator.java 73 DEBUG cache lookup for key user_12345
2025-10-06-17:33:13 PaymentProcessor.java 200 DEBUG thread pool size: 10 active, 5 idle
2025-10-06-17:36:34 HealthChecker.java 254 INFO backup completed successfully
2025-10-06-17:39:46 SecurityFilter.py 69 DEBUG thread pool size: 10 active, 5 idle
2025-10-06-17:42:55 UserService.java 192 DEBUG session token generated
2025-10-06-17:45:39 MetricsCollector.py 96 DEBUG thread pool size: 10 active, 5 idle
2025-10-06-17:49:32 EmailService.py 474 INFO email sent to user
2025-10-06-17:52:56 EmailService.py 426 DEBUG HTTP request received: GET /api/users
2025-10-06-17:55:16 NotificationService.java 252 INFO user successfully authenticated
2025-10-06-17:59:36 DATABASE.py 267 ERROR database transaction rollback
2025-10-06-18:02:14 MetricsCollector.py 436 INFO health check passed
2025-10-06-18:06:00 PaymentProcessor.java 243 ERROR memory allocation failed
2025-10-06-18:08:54 MetricsCollector.py 2 INFO user successfully authenticated
2025-10-06-18:12:54 PUSHDATA.java 155 WARN connection timeout
2025-10-06-18:17:53 EmailService.py 457 ERROR memory allocation failed
2025-10-06-18:19:22 BackupService.py 227 DEBUG external API call initiated
2025-10-06-18:22:28 HealthChecker.java 26 ERROR API endpoint returned 500 error
2025-10-06-18:24:22 NotificationService.java 369 DEBUG variable userId set to 12345
2025-10-06-18:28:08 ApiGateway.py 168 DEBUG cache lookup for key user_12345
2025-10-06-18:29:25 LoggingService.java 242 ERROR cache invalidation failed
2025-10-06-18:31:45 EmailService.py 98 INFO notification sent successfully
2025-10-06-18:34:17 HealthChecker.java 468 INFO user logout successful
2025-10-06-18:38:41 HealthChecker.java 128 INFO user logout successful
2025-10-06-18:42:07 ApiGateway.py 159 WARN retry attempt 3 of 5
2025-10-06-18:45:15 EmailService.py 47 INFO user logout successful
2025-10-06-18:49:22 SecurityFilter.py 341 INFO scheduled task executed
