2025-10-06-16:19:14 AuthController.py 36 INFO notification sent successfully
2025-10-06-16:21:47 SecurityFilter.py 36 INFO data synchronization completed
2025-10-06-16:24:54 HealthChecker.java 426 DEBUG HTTP request received: GET /api/users
2025-10-06-16:28:20 PaymentProcessor.java 486 DEBUG cache lookup for key user_12345
2025-10-06-16:32:49 NotificationService.java 307 INFO email sent to user
2025-10-06-16:37:29 MetricsCollector.py 346 INFO configuration loaded from file
2025-10-06-16:39:57 EmailService.py 380 ERROR null pointer exception in user authentication
2025-10-06-16:42:11 DATABASE.py 250 INFO file upload completed
2025-10-06-16:43:55 EmailService.py 466 INFO health check passed
2025-10-06-16:44:44 CacheManager.java 446 INFO user logout successful
2025-10-06-16:49:42 DATABASE.py 299 ERROR payment processing failed - invalid card
2025-10-06-16:52:03 DataValidator.java 483 INFO data synchronization completed
2025-10-06-16:54:13 DATABASE.py 223 DEBUG external API call initiated
2025-10-06-16:56:33 HealthChecker.java 316 DEBUG database query execution time: 45ms
2025-10-06-16:57:52 ConfigLoader.py 122 INFO backup completed successfully
2025-10-06-17:01:05 ConfigLoader.py 413 DEBUG database query execution time: 45ms
2025-10-06-17:04:35 MetricsCollector.py 407 INFO payment processed successfully
2025-10-06-17:07:54 PaymentProcessor.java 165 INFO user successfully authenticated
2025-10-06-17:09:36 HealthChecker.java 46 INFO cache refreshed successfully
2025-10-06-17:12:54 UserService.java 77 INFO file upload completed
2025-10-06-17:16:20 ApiGateway.py 83 INFO data synchronization completed
2025-10-06-17:19:47 UserService.java 38 INFO service started on port 8080
2025-10-06-17:23:31 LoggingService.java 48 INFO scheduled task executed
2025-10-06-17:26:37 EmailService.py 351 INFO data synchronization completed
2025-10-06-17:31:17 BackupService.py 400 INFO service started on port 8080
2025-10-06-17:35:16 ConfigLoader.py 311 WARN retry attempt 3 of 5
2025-10-06-17:38:53 AuthController.py 384 DEBUG HTTP request received: GET /api/users
2025-10-06-17:39:27 SecurityFilter.py 382 DEBUG external API call initiated
2025-10-06-17:43:38 AuthController.py 276 DEBUG memory usage: 512MB allocated, 256MB used
2025-10-06-17:46:12 UserService.java 67 DEBUG response serialized to JSON
2025-10-06-17:51:22 BackupService.py 176 INFO data synchronization completed
2025-10-06-17:53:36 HealthChecker.java 446 ERROR cache invalidation failed
2025-10-06-17:56:21 MetricsCollector.py 187 DEBUG session token generated
2025-10-06-17:58:26 UserService.java 96 ERROR file not found exception
2025-10-06-17:59:37 MetricsCollector.py 133 INFO API request processed
2025-10-06-18:03:46 CacheManager.java 386 INFO health check passed
2025-10-06-18:06:08 SecurityFilter.py 421 DEBUG thread pool size: 10 active, 5 idle
2025-10-06-18:09:05 ConfigLoader.py 472 INFO metrics collected and stored
2025-10-06-18:13:39 DATABASE.py 96 INFO file upload completed
2025-10-06-18:17:00 LoggingService.java 263 WARN cache hit ratio below optimal level
2025-10-06-18:20:16 LoggingService.java 267 INFO configuration loaded from file
2025-10-06-18:24:24 ConfigLoader.py 284 WARN configuration parameter missing, using default
2025-10-06-18:28:27 LoggingService.java 32 DEBUG HTTP request received: GET /api/users
2025-10-06-18:32:12 UserService.java 402 DEBUG SQL query: SELECT * FROM users WHERE id = ?
2025-10-06-18:33:40 EmailService.py 219 DEBUG entering method processPayment
2025-10-06-18:35:23 ConfigLoader.py 170 INFO service started on port 8080
2025-10-06-18:39:35 PaymentProcessor.java 221 INFO scheduled task executed
2025-10-06-18:41:11 DataValidator.java 444 INFO metrics collected and stored
2025-10-06-18:42:46 AuthController.py 204 DEBUG database query execution time: 45ms
2025-10-06-18:45:46 PaymentProcessor.java 80 ERROR failed to parse JSON response
